[debug] [2025-09-04T02:35:52.192Z] ----------------------------------------------------------------------
[debug] [2025-09-04T02:35:52.193Z] Command:       /opt/homebrew/Cellar/node@20/20.19.4/bin/node /opt/homebrew/bin/firebase init
[debug] [2025-09-04T02:35:52.194Z] CLI Version:   14.15.2
[debug] [2025-09-04T02:35:52.194Z] Platform:      darwin
[debug] [2025-09-04T02:35:52.194Z] Node Version:  v20.19.4
[debug] [2025-09-04T02:35:52.194Z] Time:          Wed Sep 03 2025 22:35:52 GMT-0400 (Eastern Daylight Time)
[debug] [2025-09-04T02:35:52.194Z] ----------------------------------------------------------------------
[debug] 
[debug] [2025-09-04T02:35:52.197Z] > command requires scopes: ["email","openid","https://www.googleapis.com/auth/cloudplatformprojects.readonly","https://www.googleapis.com/auth/firebase","https://www.googleapis.com/auth/cloud-platform"]
[debug] [2025-09-04T02:35:52.198Z] > authorizing via signed-in user (glidemoneyapp@gmail.com)
[info] 
     ######## #### ########  ######## ########     ###     ######  ########
     ##        ##  ##     ## ##       ##     ##  ##   ##  ##       ##
     ######    ##  ########  ######   ########  #########  ######  ######
     ##        ##  ##    ##  ##       ##     ## ##     ##       ## ##
     ##       #### ##     ## ######## ########  ##     ##  ######  ########

You're about to initialize a Firebase project in this directory:

  /Users/hemanthpediredla/Desktop/No Name Company/glidemoney/glidemoney

[info] 
=== Project Setup
[info] 
[info] First, let's associate this project directory with a Firebase project.
[info] You can create multiple project aliases by running firebase use --add, 
[info] but for now we'll just set up a default project.
[info] 
[debug] [2025-09-04T02:39:55.048Z] Checked if tokens are valid: true, expires at: 1756956939562
[debug] [2025-09-04T02:39:55.048Z] Checked if tokens are valid: true, expires at: 1756956939562
[debug] [2025-09-04T02:39:55.050Z] >>> [apiv2][query] GET https://firebase.googleapis.com/v1beta1/projects pageSize=100
[debug] [2025-09-04T02:39:55.566Z] <<< [apiv2][status] GET https://firebase.googleapis.com/v1beta1/projects 200
[debug] [2025-09-04T02:39:55.566Z] <<< [apiv2][body] GET https://firebase.googleapis.com/v1beta1/projects [omitted]
[info] i  Using project glidemoney (glidemoney) 
[info] 
=== Dataconnect Setup
[debug] [2025-09-04T02:40:00.554Z] Checked if tokens are valid: true, expires at: 1756956939562
[debug] [2025-09-04T02:40:00.554Z] Checked if tokens are valid: true, expires at: 1756956939562
[debug] [2025-09-04T02:40:00.554Z] >>> [apiv2][query] GET https://cloudbilling.googleapis.com/v1/projects/glidemoney/billingInfo [none]
[debug] [2025-09-04T02:40:00.965Z] <<< [apiv2][status] GET https://cloudbilling.googleapis.com/v1/projects/glidemoney/billingInfo 200
[debug] [2025-09-04T02:40:00.966Z] <<< [apiv2][body] GET https://cloudbilling.googleapis.com/v1/projects/glidemoney/billingInfo {"name":"projects/glidemoney/billingInfo","projectId":"glidemoney","billingAccountName":"","billingEnabled":false}
[info] i  dataconnect: ensuring required API firebasedataconnect.googleapis.com is enabled... 
[debug] [2025-09-04T02:40:00.967Z] Checked if tokens are valid: true, expires at: 1756956939562
[debug] [2025-09-04T02:40:00.967Z] Checked if tokens are valid: true, expires at: 1756956939562
[info] i  dataconnect: ensuring required API sqladmin.googleapis.com is enabled... 
[debug] [2025-09-04T02:40:00.967Z] Checked if tokens are valid: true, expires at: 1756956939562
[debug] [2025-09-04T02:40:00.967Z] Checked if tokens are valid: true, expires at: 1756956939562
[debug] [2025-09-04T02:40:00.967Z] >>> [apiv2][query] GET https://serviceusage.googleapis.com/v1/projects/glidemoney/services/firebasedataconnect.googleapis.com [none]
[debug] [2025-09-04T02:40:00.967Z] >>> [apiv2][(partial)header] GET https://serviceusage.googleapis.com/v1/projects/glidemoney/services/firebasedataconnect.googleapis.com x-goog-quota-user=projects/glidemoney
[debug] [2025-09-04T02:40:00.968Z] >>> [apiv2][query] GET https://serviceusage.googleapis.com/v1/projects/glidemoney/services/sqladmin.googleapis.com [none]
[debug] [2025-09-04T02:40:00.968Z] >>> [apiv2][(partial)header] GET https://serviceusage.googleapis.com/v1/projects/glidemoney/services/sqladmin.googleapis.com x-goog-quota-user=projects/glidemoney
[debug] [2025-09-04T02:40:01.312Z] <<< [apiv2][status] GET https://serviceusage.googleapis.com/v1/projects/glidemoney/services/sqladmin.googleapis.com 200
[debug] [2025-09-04T02:40:01.313Z] <<< [apiv2][body] GET https://serviceusage.googleapis.com/v1/projects/glidemoney/services/sqladmin.googleapis.com [omitted]
[warn] ⚠  dataconnect: missing required API sqladmin.googleapis.com. Enabling now... 
[debug] [2025-09-04T02:40:01.313Z] Checked if tokens are valid: true, expires at: 1756956939562
[debug] [2025-09-04T02:40:01.313Z] Checked if tokens are valid: true, expires at: 1756956939562
[debug] [2025-09-04T02:40:01.313Z] >>> [apiv2][query] POST https://serviceusage.googleapis.com/v1/projects/glidemoney/services/sqladmin.googleapis.com:enable [none]
[debug] [2025-09-04T02:40:01.313Z] >>> [apiv2][(partial)header] POST https://serviceusage.googleapis.com/v1/projects/glidemoney/services/sqladmin.googleapis.com:enable x-goog-quota-user=projects/glidemoney
[debug] [2025-09-04T02:40:01.325Z] <<< [apiv2][status] GET https://serviceusage.googleapis.com/v1/projects/glidemoney/services/firebasedataconnect.googleapis.com 200
[debug] [2025-09-04T02:40:01.325Z] <<< [apiv2][body] GET https://serviceusage.googleapis.com/v1/projects/glidemoney/services/firebasedataconnect.googleapis.com [omitted]
[warn] ⚠  dataconnect: missing required API firebasedataconnect.googleapis.com. Enabling now... 
[debug] [2025-09-04T02:40:01.326Z] Checked if tokens are valid: true, expires at: 1756956939562
[debug] [2025-09-04T02:40:01.326Z] Checked if tokens are valid: true, expires at: 1756956939562
[debug] [2025-09-04T02:40:01.326Z] >>> [apiv2][query] POST https://serviceusage.googleapis.com/v1/projects/glidemoney/services/firebasedataconnect.googleapis.com:enable [none]
[debug] [2025-09-04T02:40:01.326Z] >>> [apiv2][(partial)header] POST https://serviceusage.googleapis.com/v1/projects/glidemoney/services/firebasedataconnect.googleapis.com:enable x-goog-quota-user=projects/glidemoney
[debug] [2025-09-04T02:40:01.558Z] <<< [apiv2][status] POST https://serviceusage.googleapis.com/v1/projects/glidemoney/services/firebasedataconnect.googleapis.com:enable 200
[debug] [2025-09-04T02:40:01.558Z] <<< [apiv2][body] POST https://serviceusage.googleapis.com/v1/projects/glidemoney/services/firebasedataconnect.googleapis.com:enable [omitted]
[debug] [2025-09-04T02:40:01.653Z] <<< [apiv2][status] POST https://serviceusage.googleapis.com/v1/projects/glidemoney/services/sqladmin.googleapis.com:enable 200
[debug] [2025-09-04T02:40:01.653Z] <<< [apiv2][body] POST https://serviceusage.googleapis.com/v1/projects/glidemoney/services/sqladmin.googleapis.com:enable [omitted]
[debug] [2025-09-04T02:40:11.664Z] Checked if tokens are valid: true, expires at: 1756956939562
[debug] [2025-09-04T02:40:11.664Z] Checked if tokens are valid: true, expires at: 1756956939562
[debug] [2025-09-04T02:40:11.664Z] >>> [apiv2][query] GET https://firebasedataconnect.googleapis.com/v1/projects/glidemoney/locations/-/services [none]
[debug] [2025-09-04T02:40:12.561Z] <<< [apiv2][status] GET https://firebasedataconnect.googleapis.com/v1/projects/glidemoney/locations/-/services 200
[debug] [2025-09-04T02:40:12.561Z] <<< [apiv2][body] GET https://firebasedataconnect.googleapis.com/v1/projects/glidemoney/locations/-/services {}
[info] ✔  dataconnect: Detected existing apps . (web) 
[info] ✔  Wrote dataconnect/dataconnect.yaml 
[info] ✔  Wrote dataconnect/schema/schema.gql 
[info] ✔  Wrote dataconnect/example/connector.yaml 
[info] ✔  Wrote dataconnect/example/queries.gql 
[info] ✔  Wrote dataconnect/example/mutations.gql 
[info] ✔  Wrote dataconnect/example/connector.yaml 
[info] i  dataconnect: Installing the generated SDKs ... 
[info] i  dataconnect: downloading dataconnect-emulator-2.12.0... {"metadata":{"emulator":{"name":"dataconnect"},"message":"downloading dataconnect-emulator-2.12.0..."}}
[debug] [2025-09-04T02:40:27.772Z] >>> [apiv2][query] GET https://storage.googleapis.com/firemat-preview-drop/emulator/dataconnect-emulator-macos-v2.12.0 
[debug] [2025-09-04T02:40:27.998Z] <<< [apiv2][status] GET https://storage.googleapis.com/firemat-preview-drop/emulator/dataconnect-emulator-macos-v2.12.0 200
[debug] [2025-09-04T02:40:27.998Z] <<< [apiv2][body] GET https://storage.googleapis.com/firemat-preview-drop/emulator/dataconnect-emulator-macos-v2.12.0 [stream]
[debug] [2025-09-04T02:40:35.683Z] defaultcredentials: writing to file /Users/hemanthpediredla/.config/firebase/glidemoneyapp_gmail_com_application_default_credentials.json
[info] ✔  dataconnect: Installed generated SDKs for . (web) 
[info] i  Visit https://firebase.google.com/docs/data-connect/web-sdk#react for more information on how to set up React Generated SDKs for Firebase Data Connect 
[info] 
=== Firestore Setup
[info] i  firestore: ensuring required API firestore.googleapis.com is enabled... 
[debug] [2025-09-04T02:40:41.851Z] Checked if tokens are valid: true, expires at: 1756956939562
[debug] [2025-09-04T02:40:41.851Z] Checked if tokens are valid: true, expires at: 1756956939562
[debug] [2025-09-04T02:40:41.851Z] >>> [apiv2][query] GET https://serviceusage.googleapis.com/v1/projects/glidemoney/services/firestore.googleapis.com [none]
[debug] [2025-09-04T02:40:41.851Z] >>> [apiv2][(partial)header] GET https://serviceusage.googleapis.com/v1/projects/glidemoney/services/firestore.googleapis.com x-goog-quota-user=projects/glidemoney
[debug] [2025-09-04T02:40:42.186Z] <<< [apiv2][status] GET https://serviceusage.googleapis.com/v1/projects/glidemoney/services/firestore.googleapis.com 200
[debug] [2025-09-04T02:40:42.186Z] <<< [apiv2][body] GET https://serviceusage.googleapis.com/v1/projects/glidemoney/services/firestore.googleapis.com [omitted]
[info] ✔  firestore: required API firestore.googleapis.com is enabled 
[debug] [2025-09-04T02:40:42.200Z] Checked if tokens are valid: true, expires at: 1756956939562
[debug] [2025-09-04T02:40:42.201Z] Checked if tokens are valid: true, expires at: 1756956939562
[debug] [2025-09-04T02:40:42.201Z] >>> [apiv2][query] GET https://firestore.googleapis.com/v1/projects/glidemoney/databases [none]
[debug] [2025-09-04T02:40:42.705Z] <<< [apiv2][status] GET https://firestore.googleapis.com/v1/projects/glidemoney/databases 200
[debug] [2025-09-04T02:40:42.705Z] <<< [apiv2][body] GET https://firestore.googleapis.com/v1/projects/glidemoney/databases {"databases":[{"name":"projects/glidemoney/databases/(default)","uid":"7bd5db09-0826-4eb3-9268-71f435af75cc","createTime":"2025-08-31T04:45:59.883636Z","updateTime":"2025-08-31T04:45:59.883636Z","locationId":"northamerica-northeast2","type":"FIRESTORE_NATIVE","concurrencyMode":"PESSIMISTIC","versionRetentionPeriod":"3600s","earliestVersionTime":"2025-09-04T01:40:42.739852Z","appEngineIntegrationMode":"DISABLED","pointInTimeRecoveryEnablement":"POINT_IN_TIME_RECOVERY_DISABLED","deleteProtectionState":"DELETE_PROTECTION_DISABLED","databaseEdition":"STANDARD","freeTier":true,"etag":"ILDr+62Kvo8DMPGsuf2gtI8D"}]}
[info] 
[info] Firestore Security Rules allow you to define how and when to allow
[info] requests. You can keep these rules in your project directory
[info] and publish them with firebase deploy.
[info] 
[debug] [2025-09-04T02:40:51.473Z] Checked if tokens are valid: true, expires at: 1756956939562
[debug] [2025-09-04T02:40:51.473Z] Checked if tokens are valid: true, expires at: 1756956939562
[debug] [2025-09-04T02:40:51.473Z] >>> [apiv2][query] GET https://firebaserules.googleapis.com/v1/projects/glidemoney/releases pageSize=10&pageToken=
[debug] [2025-09-04T02:40:52.119Z] <<< [apiv2][status] GET https://firebaserules.googleapis.com/v1/projects/glidemoney/releases 200
[debug] [2025-09-04T02:40:52.119Z] <<< [apiv2][body] GET https://firebaserules.googleapis.com/v1/projects/glidemoney/releases {"releases":[{"name":"projects/glidemoney/releases/cloud.firestore","rulesetName":"projects/glidemoney/rulesets/28761b09-79fb-447b-9d5d-51902912faa6","createTime":"2025-08-31T04:46:04.638260Z","updateTime":"2025-08-31T04:46:04.638260Z"}]}
[debug] [2025-09-04T02:40:52.119Z] Checked if tokens are valid: true, expires at: 1756956939562
[debug] [2025-09-04T02:40:52.119Z] Checked if tokens are valid: true, expires at: 1756956939562
[debug] [2025-09-04T02:40:52.119Z] >>> [apiv2][query] GET https://firebaserules.googleapis.com/v1/projects/glidemoney/rulesets/28761b09-79fb-447b-9d5d-51902912faa6 [none]
[debug] [2025-09-04T02:40:52.303Z] <<< [apiv2][status] GET https://firebaserules.googleapis.com/v1/projects/glidemoney/rulesets/28761b09-79fb-447b-9d5d-51902912faa6 200
[debug] [2025-09-04T02:40:52.303Z] <<< [apiv2][body] GET https://firebaserules.googleapis.com/v1/projects/glidemoney/rulesets/28761b09-79fb-447b-9d5d-51902912faa6 [omitted]
[info] i  Downloaded the existing Firestore Security Rules from the Firebase console 
[info] 
[info] Firestore indexes allow you to perform complex queries while
[info] maintaining performance that scales with the size of the result
[info] set. You can keep index definitions in your project directory
[info] and publish them with firebase deploy.
[info] 
[debug] [2025-09-04T02:40:54.598Z] Checked if tokens are valid: true, expires at: 1756956939562
[debug] [2025-09-04T02:40:54.598Z] Checked if tokens are valid: true, expires at: 1756956939562
[debug] [2025-09-04T02:40:54.598Z] Checked if tokens are valid: true, expires at: 1756956939562
[debug] [2025-09-04T02:40:54.598Z] Checked if tokens are valid: true, expires at: 1756956939562
[debug] [2025-09-04T02:40:54.598Z] >>> [apiv2][query] GET https://firestore.googleapis.com/v1/projects/glidemoney/databases/(default)/collectionGroups/-/indexes [none]
[debug] [2025-09-04T02:40:54.599Z] >>> [apiv2][query] GET https://firestore.googleapis.com/v1/projects/glidemoney/databases/(default)/collectionGroups/-/fields?filter=indexConfig.usesAncestorConfig=false OR ttlConfig:* [none]
[debug] [2025-09-04T02:40:54.953Z] <<< [apiv2][status] GET https://firestore.googleapis.com/v1/projects/glidemoney/databases/(default)/collectionGroups/-/indexes 200
[debug] [2025-09-04T02:40:54.954Z] <<< [apiv2][body] GET https://firestore.googleapis.com/v1/projects/glidemoney/databases/(default)/collectionGroups/-/indexes {}
[debug] [2025-09-04T02:40:54.957Z] <<< [apiv2][status] GET https://firestore.googleapis.com/v1/projects/glidemoney/databases/(default)/collectionGroups/-/fields?filter=indexConfig.usesAncestorConfig=false OR ttlConfig:* 200
[debug] [2025-09-04T02:40:54.957Z] <<< [apiv2][body] GET https://firestore.googleapis.com/v1/projects/glidemoney/databases/(default)/collectionGroups/-/fields?filter=indexConfig.usesAncestorConfig=false OR ttlConfig:* {"fields":[{"name":"projects/glidemoney/databases/(default)/collectionGroups/__default__/fields/*","indexConfig":{"indexes":[{"queryScope":"COLLECTION","fields":[{"fieldPath":"*","order":"ASCENDING"}],"state":"READY"},{"queryScope":"COLLECTION","fields":[{"fieldPath":"*","order":"DESCENDING"}],"state":"READY"},{"queryScope":"COLLECTION","fields":[{"fieldPath":"*","arrayConfig":"CONTAINS"}],"state":"READY"}]}}]}
[info] i  Downloaded the existing Firestore indexes from the Firebase console 
[info] ✔  Wrote firestore.rules 
[info] ✔  Wrote firestore.indexes.json 
[info] 
=== Genkit Setup
[debug] [2025-09-04T02:41:05.196Z] > command requires scopes: ["email","openid","https://www.googleapis.com/auth/cloudplatformprojects.readonly","https://www.googleapis.com/auth/firebase","https://www.googleapis.com/auth/cloud-platform"]
[debug] [2025-09-04T02:41:05.197Z] > authorizing via signed-in user (glidemoneyapp@gmail.com)
[debug] [2025-09-04T02:41:05.197Z] [iam] checking project glidemoney for permissions ["firebase.projects.get"]
[debug] [2025-09-04T02:41:05.197Z] Checked if tokens are valid: true, expires at: 1756956939562
[debug] [2025-09-04T02:41:05.197Z] Checked if tokens are valid: true, expires at: 1756956939562
[debug] [2025-09-04T02:41:05.197Z] >>> [apiv2][query] POST https://cloudresourcemanager.googleapis.com/v1/projects/glidemoney:testIamPermissions [none]
[debug] [2025-09-04T02:41:05.197Z] >>> [apiv2][(partial)header] POST https://cloudresourcemanager.googleapis.com/v1/projects/glidemoney:testIamPermissions x-goog-quota-user=projects/glidemoney
[debug] [2025-09-04T02:41:05.198Z] >>> [apiv2][body] POST https://cloudresourcemanager.googleapis.com/v1/projects/glidemoney:testIamPermissions {"permissions":["firebase.projects.get"]}
[debug] [2025-09-04T02:41:05.941Z] <<< [apiv2][status] POST https://cloudresourcemanager.googleapis.com/v1/projects/glidemoney:testIamPermissions 200
[debug] [2025-09-04T02:41:05.941Z] <<< [apiv2][body] POST https://cloudresourcemanager.googleapis.com/v1/projects/glidemoney:testIamPermissions {"permissions":["firebase.projects.get"]}
[debug] [2025-09-04T02:41:05.942Z] Checked if tokens are valid: true, expires at: 1756956939562
[debug] [2025-09-04T02:41:05.942Z] Checked if tokens are valid: true, expires at: 1756956939562
[debug] [2025-09-04T02:41:05.942Z] Checked if tokens are valid: true, expires at: 1756956939562
[debug] [2025-09-04T02:41:05.942Z] Checked if tokens are valid: true, expires at: 1756956939562
[debug] [2025-09-04T02:41:05.942Z] >>> [apiv2][query] GET https://serviceusage.googleapis.com/v1/projects/glidemoney/services/cloudfunctions.googleapis.com [none]
[debug] [2025-09-04T02:41:05.942Z] >>> [apiv2][(partial)header] GET https://serviceusage.googleapis.com/v1/projects/glidemoney/services/cloudfunctions.googleapis.com x-goog-quota-user=projects/glidemoney
[debug] [2025-09-04T02:41:05.944Z] >>> [apiv2][query] GET https://serviceusage.googleapis.com/v1/projects/glidemoney/services/runtimeconfig.googleapis.com [none]
[debug] [2025-09-04T02:41:05.944Z] >>> [apiv2][(partial)header] GET https://serviceusage.googleapis.com/v1/projects/glidemoney/services/runtimeconfig.googleapis.com x-goog-quota-user=projects/glidemoney
[debug] [2025-09-04T02:41:06.466Z] <<< [apiv2][status] GET https://serviceusage.googleapis.com/v1/projects/glidemoney/services/cloudfunctions.googleapis.com 200
[debug] [2025-09-04T02:41:06.466Z] <<< [apiv2][body] GET https://serviceusage.googleapis.com/v1/projects/glidemoney/services/cloudfunctions.googleapis.com [omitted]
[debug] [2025-09-04T02:41:06.467Z] Checked if tokens are valid: true, expires at: 1756956939562
[debug] [2025-09-04T02:41:06.467Z] Checked if tokens are valid: true, expires at: 1756956939562
[debug] [2025-09-04T02:41:06.467Z] >>> [apiv2][query] POST https://serviceusage.googleapis.com/v1/projects/glidemoney/services/cloudfunctions.googleapis.com:enable [none]
[debug] [2025-09-04T02:41:06.467Z] >>> [apiv2][(partial)header] POST https://serviceusage.googleapis.com/v1/projects/glidemoney/services/cloudfunctions.googleapis.com:enable x-goog-quota-user=projects/glidemoney
[debug] [2025-09-04T02:41:06.468Z] <<< [apiv2][status] GET https://serviceusage.googleapis.com/v1/projects/glidemoney/services/runtimeconfig.googleapis.com 200
[debug] [2025-09-04T02:41:06.468Z] <<< [apiv2][body] GET https://serviceusage.googleapis.com/v1/projects/glidemoney/services/runtimeconfig.googleapis.com [omitted]
[debug] [2025-09-04T02:41:06.905Z] <<< [apiv2][status] POST https://serviceusage.googleapis.com/v1/projects/glidemoney/services/cloudfunctions.googleapis.com:enable 200
[debug] [2025-09-04T02:41:06.906Z] <<< [apiv2][body] POST https://serviceusage.googleapis.com/v1/projects/glidemoney/services/cloudfunctions.googleapis.com:enable [omitted]
[info] Let's create a new codebase for your functions.
[info] A directory corresponding to the codebase will be created in your project
[info] with sample code pre-configured.

[info] See https://firebase.google.com/docs/functions/organize-functions for
[info] more information on organizing your functions using codebases.

[info] Functions can be deployed with firebase deploy.

[info] ✔  Wrote functions/package.json 
[info] ✔  Wrote functions/.eslintrc.js 
[info] ✔  Wrote functions/tsconfig.dev.json 
[info] ✔  Wrote functions/tsconfig.json 
[info] ✔  Wrote functions/src/index.ts 
[info] ✔  Wrote functions/.gitignore 
[info] 
[info] i  genkit: Installing Genkit CLI version 1.18.0
 
[info] i  genkit: Installing NPM packages for genkit 
[info] ✔  genkit: Successfully installed NPM packages 
[info] i  genkit: Updating tsconfig.json 
[info] ✔  genkit: Successfully updated tsconfig.json 
[info] i  genkit: Updating package.json 
[info] ✔  genkit: Successfully updated package.json 
[info] Telemetry data can be used to monitor and gain insights into your AI features. There may be a cost associated with using this feature. See https://firebase.google.com/docs/genkit/observability/telemetry-collection.
[info] i  genkit: Generating sample file 
[info] ✔  genkit: Successfully generated sample file (src/genkit-sample.ts) 
[info] 
[info] 
Login to Google Cloud using:
[info]     gcloud auth application-default login --project glidemoney

[info] Then start the Genkit developer experience by running:
[info]     cd functions && npm run genkit:start
[info] 
=== Functions Setup
[debug] [2025-09-04T02:44:14.086Z] > command requires scopes: ["email","openid","https://www.googleapis.com/auth/cloudplatformprojects.readonly","https://www.googleapis.com/auth/firebase","https://www.googleapis.com/auth/cloud-platform"]
[debug] [2025-09-04T02:44:14.086Z] > authorizing via signed-in user (glidemoneyapp@gmail.com)
[debug] [2025-09-04T02:44:14.086Z] [iam] checking project glidemoney for permissions ["firebase.projects.get"]
[debug] [2025-09-04T02:44:14.086Z] Checked if tokens are valid: true, expires at: 1756956939562
[debug] [2025-09-04T02:44:14.086Z] Checked if tokens are valid: true, expires at: 1756956939562
[debug] [2025-09-04T02:44:14.086Z] >>> [apiv2][query] POST https://cloudresourcemanager.googleapis.com/v1/projects/glidemoney:testIamPermissions [none]
[debug] [2025-09-04T02:44:14.086Z] >>> [apiv2][(partial)header] POST https://cloudresourcemanager.googleapis.com/v1/projects/glidemoney:testIamPermissions x-goog-quota-user=projects/glidemoney
[debug] [2025-09-04T02:44:14.086Z] >>> [apiv2][body] POST https://cloudresourcemanager.googleapis.com/v1/projects/glidemoney:testIamPermissions {"permissions":["firebase.projects.get"]}
[debug] [2025-09-04T02:44:14.342Z] <<< [apiv2][status] POST https://cloudresourcemanager.googleapis.com/v1/projects/glidemoney:testIamPermissions 200
[debug] [2025-09-04T02:44:14.342Z] <<< [apiv2][body] POST https://cloudresourcemanager.googleapis.com/v1/projects/glidemoney:testIamPermissions {"permissions":["firebase.projects.get"]}
[info] 
Detected existing codebase(s): default

[info] Let's create a new codebase for your functions.
[info] A directory corresponding to the codebase will be created in your project
[info] with sample code pre-configured.

[info] See https://firebase.google.com/docs/functions/organize-functions for
[info] more information on organizing your functions using codebases.

[info] Functions can be deployed with firebase deploy.

[error] Invalid codebase name. Codebase must be less than 64 characters and can contain only lowercase letters, numeric characters, underscores, and dashes.
